This is pdfTeX, Version 3.14159265-2.6-1.40.20 (TeX Live 2019/Debian) (preloaded format=pdflatex 2021.8.30)  5 OCT 2021 11:41
entering extended mode
 restricted \write18 enabled.
 %&-line parsing enabled.
**moon_and_sun.tex
(./moon_and_sun.tex
LaTeX2e <2020-02-02> patch level 2
L3 programming layer <2020-02-14>
(/usr/share/texlive/texmf-dist/tex/latex/base/article.cls
Document Class: article 2019/12/20 v1.4l Standard LaTeX document class
(/usr/share/texlive/texmf-dist/tex/latex/base/size11.clo
File: size11.clo 2019/12/20 v1.4l Standard LaTeX file (size option)
)
\c@part=\count167
\c@section=\count168
\c@subsection=\count169
\c@subsubsection=\count170
\c@paragraph=\count171
\c@subparagraph=\count172
\c@figure=\count173
\c@table=\count174
\abovecaptionskip=\skip47
\belowcaptionskip=\skip48
\bibindent=\dimen134
)
(/usr/share/texlive/texmf-dist/tex/latex/tocloft/tocloft.sty
Package: tocloft 2017/08/31 v2.3i parameterised ToC, etc., typesetting
Package tocloft Info: The document has section divisions on input line 51.
\cftparskip=\skip49
\cftbeforetoctitleskip=\skip50
\cftaftertoctitleskip=\skip51
\cftbeforepartskip=\skip52
\cftpartnumwidth=\skip53
\cftpartindent=\skip54
\cftbeforesecskip=\skip55
\cftsecindent=\skip56
\cftsecnumwidth=\skip57
\cftbeforesubsecskip=\skip58
\cftsubsecindent=\skip59
\cftsubsecnumwidth=\skip60
\cftbeforesubsubsecskip=\skip61
\cftsubsubsecindent=\skip62
\cftsubsubsecnumwidth=\skip63
\cftbeforeparaskip=\skip64
\cftparaindent=\skip65
\cftparanumwidth=\skip66
\cftbeforesubparaskip=\skip67
\cftsubparaindent=\skip68
\cftsubparanumwidth=\skip69
\cftbeforeloftitleskip=\skip70
\cftafterloftitleskip=\skip71
\cftbeforefigskip=\skip72
\cftfigindent=\skip73
\cftfignumwidth=\skip74
\c@lofdepth=\count175
\c@lotdepth=\count176
\cftbeforelottitleskip=\skip75
\cftafterlottitleskip=\skip76
\cftbeforetabskip=\skip77
\cfttabindent=\skip78
\cfttabnumwidth=\skip79
)
(/usr/share/texlive/texmf-dist/tex/latex/graphics/graphicx.sty
Package: graphicx 2019/11/30 v1.2a Enhanced LaTeX Graphics (DPC,SPQR)

(/usr/share/texlive/texmf-dist/tex/latex/graphics/keyval.sty
Package: keyval 2014/10/28 v1.15 key=value parser (DPC)
\KV@toks@=\toks14
)
(/usr/share/texlive/texmf-dist/tex/latex/graphics/graphics.sty
Package: graphics 2019/11/30 v1.4a Standard LaTeX Graphics (DPC,SPQR)

(/usr/share/texlive/texmf-dist/tex/latex/graphics/trig.sty
Package: trig 2016/01/03 v1.10 sin cos tan (DPC)
)
(/usr/share/texlive/texmf-dist/tex/latex/graphics-cfg/graphics.cfg
File: graphics.cfg 2016/06/04 v1.11 sample graphics configuration
)
Package graphics Info: Driver file: pdftex.def on input line 105.

(/usr/share/texlive/texmf-dist/tex/latex/graphics-def/pdftex.def
File: pdftex.def 2018/01/08 v1.0l Graphics/color driver for pdftex
))
\Gin@req@height=\dimen135
\Gin@req@width=\dimen136
)
(/usr/share/texlive/texmf-dist/tex/latex/tools/calc.sty
Package: calc 2017/05/25 v4.3 Infix arithmetic (KKT,FJ)
\calc@Acount=\count177
\calc@Bcount=\count178
\calc@Adimen=\dimen137
\calc@Bdimen=\dimen138
\calc@Askip=\skip80
\calc@Bskip=\skip81
LaTeX Info: Redefining \setlength on input line 80.
LaTeX Info: Redefining \addtolength on input line 81.
\calc@Ccount=\count179
\calc@Cskip=\skip82
)
(/usr/share/texlive/texmf-dist/tex/latex/amsfonts/amssymb.sty
Package: amssymb 2013/01/14 v3.01 AMS font symbols

(/usr/share/texlive/texmf-dist/tex/latex/amsfonts/amsfonts.sty
Package: amsfonts 2013/01/14 v3.01 Basic AMSFonts support
\@emptytoks=\toks15
\symAMSa=\mathgroup4
\symAMSb=\mathgroup5
LaTeX Font Info:    Redeclaring math symbol \hbar on input line 98.
LaTeX Font Info:    Overwriting math alphabet `\mathfrak' in version `bold'
(Font)                  U/euf/m/n --> U/euf/b/n on input line 106.
))
(/usr/share/texlive/texmf-dist/tex/latex/graphics/color.sty
Package: color 2019/11/23 v1.2a Standard LaTeX Color (DPC)

(/usr/share/texlive/texmf-dist/tex/latex/graphics-cfg/color.cfg
File: color.cfg 2016/01/02 v1.6 sample color configuration
)
Package color Info: Driver file: pdftex.def on input line 147.
)
(/usr/share/texlive/texmf-dist/tex/latex/psnfss/mathpazo.sty
Package: mathpazo 2005/04/12 PSNFSS-v9.2a Palatino w/ Pazo Math (D.Puga, WaS) 
\symupright=\mathgroup6
)
(/usr/share/texlive/texmf-dist/tex/latex/url/url.sty
\Urlmuskip=\muskip16
Package: url 2013/09/16  ver 3.4  Verb mode for urls, etc.
)
(/usr/share/texlive/texmf-dist/tex/latex/l3backend/l3backend-pdfmode.def
File: l3backend-pdfmode.def 2020-02-03 L3 backend support: PDF mode
\l__kernel_color_stack_int=\count180
\l__pdf_internal_box=\box45
)
(./moon_and_sun.aux)
\openout1 = `moon_and_sun.aux'.

LaTeX Font Info:    Checking defaults for OML/cmm/m/it on input line 59.
LaTeX Font Info:    ... okay on input line 59.
LaTeX Font Info:    Checking defaults for OMS/cmsy/m/n on input line 59.
LaTeX Font Info:    ... okay on input line 59.
LaTeX Font Info:    Checking defaults for OT1/cmr/m/n on input line 59.
LaTeX Font Info:    ... okay on input line 59.
LaTeX Font Info:    Checking defaults for T1/cmr/m/n on input line 59.
LaTeX Font Info:    ... okay on input line 59.
LaTeX Font Info:    Checking defaults for TS1/cmr/m/n on input line 59.
LaTeX Font Info:    ... okay on input line 59.
LaTeX Font Info:    Checking defaults for OMX/cmex/m/n on input line 59.
LaTeX Font Info:    ... okay on input line 59.
LaTeX Font Info:    Checking defaults for U/cmr/m/n on input line 59.
LaTeX Font Info:    ... okay on input line 59.
LaTeX Font Info:    Trying to load font information for OT1+pplx on input line 
59.
 (/usr/share/texlive/texmf-dist/tex/latex/psnfss/ot1pplx.fd
File: ot1pplx.fd 2004/09/06 font definitions for OT1/pplx.
) (/usr/share/texlive/texmf-dist/tex/context/base/mkii/supp-pdf.mkii
[Loading MPS to PDF converter (version 2006.09.02).]
\scratchcounter=\count181
\scratchdimen=\dimen139
\scratchbox=\box46
\nofMPsegments=\count182
\nofMParguments=\count183
\everyMPshowfont=\toks16
\MPscratchCnt=\count184
\MPscratchDim=\dimen140
\MPnumerator=\count185
\makeMPintoPDFobject=\count186
\everyMPtoPDFconversion=\toks17
) (/usr/share/texlive/texmf-dist/tex/latex/epstopdf-pkg/epstopdf-base.sty
Package: epstopdf-base 2020-01-24 v2.11 Base part for package epstopdf
Package epstopdf-base Info: Redefining graphics rule for `.eps' on input line 4
85.

(/usr/share/texlive/texmf-dist/tex/latex/latexconfig/epstopdf-sys.cfg
File: epstopdf-sys.cfg 2010/07/13 v1.3 Configuration of (r)epstopdf for TeX Liv
e
))
\big@size=\dimen141

Underfull \hbox (badness 10000) in paragraph at lines 71--71

 []


Underfull \hbox (badness 10000) in paragraph at lines 72--72

 []


Underfull \hbox (badness 10000) in paragraph at lines 73--73

 []


Underfull \hbox (badness 10000) in paragraph at lines 99--101

 []


Underfull \hbox (badness 10000) in paragraph at lines 103--105

 []


Underfull \hbox (badness 10000) in paragraph at lines 107--109

 []

[1

{/var/lib/texmf/fonts/map/pdftex/updmap/pdftex.map}] [2]
LaTeX Font Info:    Trying to load font information for OML+zplm on input line 
187.

(/usr/share/texlive/texmf-dist/tex/latex/psnfss/omlzplm.fd
File: omlzplm.fd 2002/09/08 Fontinst v1.914 font definitions for OML/zplm.
)
LaTeX Font Info:    Trying to load font information for OMS+zplm on input line 
187.

(/usr/share/texlive/texmf-dist/tex/latex/psnfss/omszplm.fd
File: omszplm.fd 2002/09/08 Fontinst v1.914 font definitions for OMS/zplm.
)
LaTeX Font Info:    Trying to load font information for OMX+zplm on input line 
187.

(/usr/share/texlive/texmf-dist/tex/latex/psnfss/omxzplm.fd
File: omxzplm.fd 2002/09/08 Fontinst v1.914 font definitions for OMX/zplm.
)
LaTeX Font Info:    Font shape `U/msa/m/n' will be
(Font)              scaled to size 11.40997pt on input line 187.
LaTeX Font Info:    Font shape `U/msa/m/n' will be
(Font)              scaled to size 8.33606pt on input line 187.
LaTeX Font Info:    Font shape `U/msa/m/n' will be
(Font)              scaled to size 6.25204pt on input line 187.
LaTeX Font Info:    Font shape `U/msb/m/n' will be
(Font)              scaled to size 11.40997pt on input line 187.
LaTeX Font Info:    Font shape `U/msb/m/n' will be
(Font)              scaled to size 8.33606pt on input line 187.
LaTeX Font Info:    Font shape `U/msb/m/n' will be
(Font)              scaled to size 6.25204pt on input line 187.
LaTeX Font Info:    Trying to load font information for OT1+zplm on input line 
187.

(/usr/share/texlive/texmf-dist/tex/latex/psnfss/ot1zplm.fd
File: ot1zplm.fd 2002/09/08 Fontinst v1.914 font definitions for OT1/zplm.
)
<date_time.pdf, id=12, 136.55586pt x 37.69502pt>
File: date_time.pdf Graphic file (type pdf)
<use date_time.pdf>
Package pdftex.def Info: date_time.pdf  used on input line 193.
(pdftex.def)             Requested size: 113.81102pt x 31.41626pt.
<moon_sketch.pdf, id=13, 95.30467pt x 110.95172pt>
File: moon_sketch.pdf Graphic file (type pdf)
<use moon_sketch.pdf>
Package pdftex.def Info: moon_sketch.pdf  used on input line 196.
(pdftex.def)             Requested size: 113.81102pt x 132.5065pt.
<location.pdf, id=14, 130.15486pt x 31.29411pt>
File: location.pdf Graphic file (type pdf)
<use location.pdf>
Package pdftex.def Info: location.pdf  used on input line 198.
(pdftex.def)             Requested size: 113.81102pt x 27.36555pt.
<moon_phase_sketch.pdf, id=15, 578.94008pt x 204.83386pt>
File: moon_phase_sketch.pdf Graphic file (type pdf)
<use moon_phase_sketch.pdf>
Package pdftex.def Info: moon_phase_sketch.pdf  used on input line 204.
(pdftex.def)             Requested size: 333.88625pt x 118.13173pt.
 [3 <./date_time.pdf> <./moon_sketch.pdf> <./location.pdf> <./moon_phase_sketch
.pdf>]
Overfull \hbox (75.39941pt too wide) in paragraph at lines 217--217
[]|  
 []


Overfull \hbox (75.39941pt too wide) in paragraph at lines 220--220
[]|  
 []


Overfull \hbox (75.39941pt too wide) in paragraph at lines 223--223
[]|  
 []

<moon_position_in_orbit_blank.pdf, id=51, 513.15816pt x 184.8235pt>
File: moon_position_in_orbit_blank.pdf Graphic file (type pdf)
<use moon_position_in_orbit_blank.pdf>
Package pdftex.def Info: moon_position_in_orbit_blank.pdf  used on input line 2
29.
(pdftex.def)             Requested size: 357.73682pt x 128.84537pt.

Underfull \hbox (badness 10000) in paragraph at lines 229--232

 []


Overfull \hbox (11.21173pt too wide) in paragraph at lines 208--236
$[]$ $[]$ 
 []


Overfull \hbox (75.39941pt too wide) in paragraph at lines 246--246
[]|  
 []


Overfull \hbox (75.39941pt too wide) in paragraph at lines 249--249
[]|  
 []


Overfull \hbox (75.39941pt too wide) in paragraph at lines 252--252
[]|  
 []

File: moon_position_in_orbit_blank.pdf Graphic file (type pdf)
<use moon_position_in_orbit_blank.pdf>
Package pdftex.def Info: moon_position_in_orbit_blank.pdf  used on input line 2
58.
(pdftex.def)             Requested size: 357.73682pt x 128.84537pt.

Underfull \hbox (badness 10000) in paragraph at lines 258--261

 []


Overfull \hbox (11.21173pt too wide) in paragraph at lines 237--265
$[]$ $[]$ 
 []


Overfull \hbox (75.39941pt too wide) in paragraph at lines 275--275
[]|  
 []


Overfull \hbox (75.39941pt too wide) in paragraph at lines 278--278
[]|  
 []


Overfull \hbox (75.39941pt too wide) in paragraph at lines 281--281
[]|  
 []

File: moon_position_in_orbit_blank.pdf Graphic file (type pdf)
<use moon_position_in_orbit_blank.pdf>
Package pdftex.def Info: moon_position_in_orbit_blank.pdf  used on input line 2
87.
(pdftex.def)             Requested size: 357.73682pt x 128.84537pt.

Underfull \hbox (badness 10000) in paragraph at lines 287--290

 []


Overfull \hbox (11.21173pt too wide) in paragraph at lines 266--294
$[]$ $[]$ 
 []

[4 <./moon_position_in_orbit_blank.pdf>]
<Sky_Angles.jpg, id=88, 234.1247pt x 205.5178pt>
File: Sky_Angles.jpg Graphic file (type jpg)
<use Sky_Angles.jpg>
Package pdftex.def Info: Sky_Angles.jpg  used on input line 337.
(pdftex.def)             Requested size: 180.67499pt x 158.60669pt.
 [5 <./Sky_Angles.jpg>] [6] [7]
[8] (./moon_and_sun.aux) ) 
Here is how much of TeX's memory you used:
 2315 strings out of 481239
 31984 string characters out of 5920377
 261744 words of memory out of 5000000
 17566 multiletter control sequences out of 15000+600000
 548163 words of font info for 64 fonts, out of 8000000 for 9000
 1141 hyphenation exceptions out of 8191
 30i,12n,31p,247b,324s stack positions out of 5000i,500n,10000p,200000b,80000s
{/usr/share/texlive/texmf-dist/fonts/enc/dvips/base/8
r.enc}</usr/share/texlive/texmf-dist/fonts/type1/urw/palatino/uplb8a.pfb></usr/
share/texlive/texmf-dist/fonts/type1/urw/palatino/uplr8a.pfb></usr/share/texliv
e/texmf-dist/fonts/type1/urw/palatino/uplri8a.pfb>
Output written on moon_and_sun.pdf (8 pages, 693859 bytes).
PDF statistics:
 115 PDF objects out of 1000 (max. 8388607)
 71 compressed objects within 1 object stream
 0 named destinations out of 1000 (max. 500000)
 31 words of extra memory for PDF output out of 10000 (max. 10000000)

